2016-03-22 17:23:50,674 INFO                    
SELECT r.RIGHTID, r.RIGHTNAME, r.URL, r.RIGHTDESCRIPTION, r.ICON, r.PID, r.SEQ, r.status, r.RESOURCETYPE, 
r.POS, r.CODE, r.ISCOMMON, DATE_FORMAT(r.UPDATEDATE,'%Y-%m-%d') AS updateDate FROM RIGHTS r 
WHERE r.URL <> '' ORDER BY r.SEQ ASC 
 {executed in 7 msec}
2016-03-22 17:24:35,551 INFO                    
SELECT r.RIGHTID, r.RIGHTNAME, r.URL, r.RIGHTDESCRIPTION, r.ICON, r.PID, r.SEQ, r.status, r.RESOURCETYPE, 
r.POS, r.CODE, r.ISCOMMON, DATE_FORMAT(r.UPDATEDATE,'%Y-%m-%d') AS updateDate FROM RIGHTS r 
WHERE r.URL <> '' ORDER BY r.SEQ ASC 
 {executed in 3 msec}
2016-03-22 18:18:34,946 INFO                    
SELECT r.RIGHTID, r.RIGHTNAME, r.URL, r.RIGHTDESCRIPTION, r.ICON, r.PID, r.SEQ, r.status, r.RESOURCETYPE, 
r.POS, r.CODE, r.ISCOMMON, DATE_FORMAT(r.UPDATEDATE,'%Y-%m-%d') AS updateDate FROM RIGHTS r 
WHERE r.URL <> '' ORDER BY r.SEQ ASC 
 {executed in 5 msec}
2016-03-22 18:19:47,224 INFO                    
SELECT r.RIGHTID, r.RIGHTNAME, r.URL, r.RIGHTDESCRIPTION, r.ICON, r.PID, r.SEQ, r.status, r.RESOURCETYPE, 
r.POS, r.CODE, r.ISCOMMON, DATE_FORMAT(r.UPDATEDATE,'%Y-%m-%d') AS updateDate FROM RIGHTS r 
WHERE r.URL <> '' ORDER BY r.SEQ ASC 
 {executed in 3 msec}
2016-03-22 18:20:11,698 INFO                    
SELECT r.RIGHTID, r.RIGHTNAME, r.URL, r.RIGHTDESCRIPTION, r.ICON, r.PID, r.SEQ, r.status, r.RESOURCETYPE, 
r.POS, r.CODE, r.ISCOMMON, DATE_FORMAT(r.UPDATEDATE,'%Y-%m-%d') AS updateDate FROM RIGHTS r 
WHERE r.URL <> '' ORDER BY r.SEQ ASC 
 {executed in 4 msec}
2016-03-22 18:23:17,589 INFO                    
SELECT r.RIGHTID, r.RIGHTNAME, r.URL, r.RIGHTDESCRIPTION, r.ICON, r.PID, r.SEQ, r.status, r.RESOURCETYPE, 
r.POS, r.CODE, r.ISCOMMON, DATE_FORMAT(r.UPDATEDATE,'%Y-%m-%d') AS updateDate FROM RIGHTS r 
WHERE r.URL <> '' ORDER BY r.SEQ ASC 
 {executed in 3 msec}
2016-03-22 18:30:18,536 INFO                    
SELECT r.RIGHTID, r.RIGHTNAME, r.URL, r.RIGHTDESCRIPTION, r.ICON, r.PID, r.SEQ, r.status, r.RESOURCETYPE, 
r.POS, r.CODE, r.ISCOMMON, DATE_FORMAT(r.UPDATEDATE,'%Y-%m-%d') AS updateDate FROM RIGHTS r 
WHERE r.URL <> '' ORDER BY r.SEQ ASC 
 {executed in 3 msec}
2016-03-22 18:30:46,846 INFO                    
SELECT r.RIGHTID, r.RIGHTNAME, r.URL, r.RIGHTDESCRIPTION, r.ICON, r.PID, r.SEQ, r.status, r.RESOURCETYPE, 
r.POS, r.CODE, r.ISCOMMON, DATE_FORMAT(r.UPDATEDATE,'%Y-%m-%d') AS updateDate FROM RIGHTS r 
WHERE r.URL <> '' ORDER BY r.SEQ ASC 
 {executed in 4 msec}
