2016-03-03 14:46:39,742 ERROR                   
1. PreparedStatement.execute() FAILED! INSERT INTO EMPLOYER(EMPLOYERLOGINNAME, EMPLOYERREALNAME, EMPLOYERPASSWORD, EMPLOYERDEPT, EMPLOYERDESCRIPTION) 
VALUES ( 'jack', 'Jackyang', '123456', , NULL ) 
 {FAILED after 14 msec}
com.mysql.jdbc.exceptions.jdbc4.MySQLSyntaxErrorException: You have an error in your SQL syntax; check the manual that corresponds to your MySQL server version for the right syntax to use near '
				null
			)' at line 10
	at sun.reflect.NativeConstructorAccessorImpl.newInstance0(Native Method)
	at sun.reflect.NativeConstructorAccessorImpl.newInstance(Unknown Source)
	at sun.reflect.DelegatingConstructorAccessorImpl.newInstance(Unknown Source)
	at java.lang.reflect.Constructor.newInstance(Unknown Source)
	at com.mysql.jdbc.Util.handleNewInstance(Util.java:404)
	at com.mysql.jdbc.Util.getInstance(Util.java:387)
	at com.mysql.jdbc.SQLError.createSQLException(SQLError.java:939)
	at com.mysql.jdbc.MysqlIO.checkErrorPacket(MysqlIO.java:3878)
	at com.mysql.jdbc.MysqlIO.checkErrorPacket(MysqlIO.java:3814)
	at com.mysql.jdbc.MysqlIO.sendCommand(MysqlIO.java:2478)
	at com.mysql.jdbc.MysqlIO.sqlQueryDirect(MysqlIO.java:2625)
	at com.mysql.jdbc.ConnectionImpl.execSQL(ConnectionImpl.java:2551)
	at com.mysql.jdbc.PreparedStatement.executeInternal(PreparedStatement.java:1861)
	at com.mysql.jdbc.PreparedStatement.execute(PreparedStatement.java:1192)
	at org.apache.commons.dbcp.DelegatingPreparedStatement.execute(DelegatingPreparedStatement.java:172)
	at org.apache.commons.dbcp.DelegatingPreparedStatement.execute(DelegatingPreparedStatement.java:172)
	at net.sf.log4jdbc.PreparedStatementSpy.execute(PreparedStatementSpy.java:417)
	at org.apache.ibatis.executor.statement.PreparedStatementHandler.update(PreparedStatementHandler.java:45)
	at org.apache.ibatis.executor.statement.RoutingStatementHandler.update(RoutingStatementHandler.java:73)
	at org.apache.ibatis.executor.SimpleExecutor.doUpdate(SimpleExecutor.java:49)
	at org.apache.ibatis.executor.BaseExecutor.update(BaseExecutor.java:115)
	at org.apache.ibatis.executor.CachingExecutor.update(CachingExecutor.java:75)
	at org.apache.ibatis.session.defaults.DefaultSqlSession.update(DefaultSqlSession.java:170)
	at org.apache.ibatis.session.defaults.DefaultSqlSession.insert(DefaultSqlSession.java:157)
	at sun.reflect.NativeMethodAccessorImpl.invoke0(Native Method)
	at sun.reflect.NativeMethodAccessorImpl.invoke(Unknown Source)
	at sun.reflect.DelegatingMethodAccessorImpl.invoke(Unknown Source)
	at java.lang.reflect.Method.invoke(Unknown Source)
	at org.mybatis.spring.SqlSessionTemplate$SqlSessionInterceptor.invoke(SqlSessionTemplate.java:408)
	at com.sun.proxy.$Proxy19.insert(Unknown Source)
	at org.mybatis.spring.SqlSessionTemplate.insert(SqlSessionTemplate.java:254)
	at org.apache.ibatis.binding.MapperMethod.execute(MapperMethod.java:52)
	at org.apache.ibatis.binding.MapperProxy.invoke(MapperProxy.java:53)
	at com.sun.proxy.$Proxy36.save(Unknown Source)
	at com.panfeng.test.EmployerTest.save(EmployerTest.java:20)
	at sun.reflect.NativeMethodAccessorImpl.invoke0(Native Method)
	at sun.reflect.NativeMethodAccessorImpl.invoke(Unknown Source)
	at sun.reflect.DelegatingMethodAccessorImpl.invoke(Unknown Source)
	at java.lang.reflect.Method.invoke(Unknown Source)
	at org.junit.runners.model.FrameworkMethod$1.runReflectiveCall(FrameworkMethod.java:50)
	at org.junit.internal.runners.model.ReflectiveCallable.run(ReflectiveCallable.java:12)
	at org.junit.runners.model.FrameworkMethod.invokeExplosively(FrameworkMethod.java:47)
	at org.junit.internal.runners.statements.InvokeMethod.evaluate(InvokeMethod.java:17)
	at org.springframework.test.context.junit4.statements.RunBeforeTestMethodCallbacks.evaluate(RunBeforeTestMethodCallbacks.java:75)
	at org.springframework.test.context.junit4.statements.RunAfterTestMethodCallbacks.evaluate(RunAfterTestMethodCallbacks.java:86)
	at org.springframework.test.context.junit4.statements.SpringRepeat.evaluate(SpringRepeat.java:84)
	at org.junit.runners.ParentRunner.runLeaf(ParentRunner.java:325)
	at org.springframework.test.context.junit4.SpringJUnit4ClassRunner.runChild(SpringJUnit4ClassRunner.java:254)
	at org.springframework.test.context.junit4.SpringJUnit4ClassRunner.runChild(SpringJUnit4ClassRunner.java:89)
	at org.junit.runners.ParentRunner$3.run(ParentRunner.java:290)
	at org.junit.runners.ParentRunner$1.schedule(ParentRunner.java:71)
	at org.junit.runners.ParentRunner.runChildren(ParentRunner.java:288)
	at org.junit.runners.ParentRunner.access$000(ParentRunner.java:58)
	at org.junit.runners.ParentRunner$2.evaluate(ParentRunner.java:268)
	at org.springframework.test.context.junit4.statements.RunBeforeTestClassCallbacks.evaluate(RunBeforeTestClassCallbacks.java:61)
	at org.springframework.test.context.junit4.statements.RunAfterTestClassCallbacks.evaluate(RunAfterTestClassCallbacks.java:70)
	at org.junit.runners.ParentRunner.run(ParentRunner.java:363)
	at org.springframework.test.context.junit4.SpringJUnit4ClassRunner.run(SpringJUnit4ClassRunner.java:193)
	at org.eclipse.jdt.internal.junit4.runner.JUnit4TestReference.run(JUnit4TestReference.java:50)
	at org.eclipse.jdt.internal.junit.runner.TestExecution.run(TestExecution.java:38)
	at org.eclipse.jdt.internal.junit.runner.RemoteTestRunner.runTests(RemoteTestRunner.java:459)
	at org.eclipse.jdt.internal.junit.runner.RemoteTestRunner.runTests(RemoteTestRunner.java:675)
	at org.eclipse.jdt.internal.junit.runner.RemoteTestRunner.run(RemoteTestRunner.java:382)
	at org.eclipse.jdt.internal.junit.runner.RemoteTestRunner.main(RemoteTestRunner.java:192)
2016-03-03 14:48:05,926 INFO                    
INSERT INTO EMPLOYER(EMPLOYERLOGINNAME, EMPLOYERREALNAME, EMPLOYERPASSWORD, EMPLOYERDEPT, EMPLOYERDESCRIPTION) 
VALUES ( 'jack', 'Jackyang', '123456', 0, 'The First Infomartion' ) 
 {executed in 9 msec}
2016-03-03 14:51:39,783 INFO                    
INSERT INTO EMPLOYER(EMPLOYERLOGINNAME, EMPLOYERREALNAME, EMPLOYERPASSWORD, EMPLOYERDEPT, EMPLOYERDESCRIPTION) 
VALUES ( 'jack1', 'Jackyang1', '12345678', 0, 'The Second Infomartion' ) 
 {executed in 8 msec}
2016-03-03 14:52:08,447 INFO                    
INSERT INTO EMPLOYER(EMPLOYERLOGINNAME, EMPLOYERREALNAME, EMPLOYERPASSWORD, EMPLOYERDEPT, EMPLOYERDESCRIPTION) 
VALUES ( 'jack1', 'Jackyang1', '12345678', 0, 'The Second Infomartion' ) 
 {executed in 7 msec}
2016-03-03 14:52:48,482 INFO                    
INSERT INTO EMPLOYER_ROLE(EMPLOYERID, ROLEID) VALUES ( 1, 1 ) 
 {executed in 7 msec}
2016-03-03 14:53:59,874 INFO                    
SELECT e.EMPLOYERID, e.EMPLOYERLOGINNAME, e.EMPLOYERREALNAME, e.EMPLOYERPASSWORD, e.EMPLOYERDEPT, 
e.EMPLOYERDESCRIPTION, r.ROLEID, r.ROLENAME, r.ROLEDESCRIPTION FROM EMPLOYER e LEFT JOIN EMPLOYER_ROLE 
er ON e.EMPLOYERID = er.EMPLOYERID LEFT JOIN ROLE r ON er.ROLEID = r.ROLEID WHERE 1 = 1 AND 
e.EMPLOYERID = 2 
 {executed in 5 msec}
2016-03-03 14:55:12,151 INFO                    
SELECT e.EMPLOYERID, e.EMPLOYERLOGINNAME, e.EMPLOYERREALNAME, e.EMPLOYERPASSWORD, e.EMPLOYERDEPT, 
e.EMPLOYERDESCRIPTION, r.ROLEID, r.ROLENAME, r.ROLEDESCRIPTION FROM EMPLOYER e LEFT JOIN EMPLOYER_ROLE 
er ON e.EMPLOYERID = er.EMPLOYERID LEFT JOIN ROLE r ON er.ROLEID = r.ROLEID WHERE 1 = 1 AND 
e.EMPLOYERID = 1 
 {executed in 2 msec}
2016-03-03 14:55:30,591 INFO                    
INSERT INTO EMPLOYER_ROLE(EMPLOYERID, ROLEID) VALUES ( 1, 2 ) 
 {executed in 8 msec}
2016-03-03 14:55:40,219 INFO                    
SELECT e.EMPLOYERID, e.EMPLOYERLOGINNAME, e.EMPLOYERREALNAME, e.EMPLOYERPASSWORD, e.EMPLOYERDEPT, 
e.EMPLOYERDESCRIPTION, r.ROLEID, r.ROLENAME, r.ROLEDESCRIPTION FROM EMPLOYER e LEFT JOIN EMPLOYER_ROLE 
er ON e.EMPLOYERID = er.EMPLOYERID LEFT JOIN ROLE r ON er.ROLEID = r.ROLEID WHERE 1 = 1 AND 
e.EMPLOYERID = 1 
 {executed in 5 msec}
2016-03-03 14:57:10,872 INFO                    
SELECT e.EMPLOYERID, e.EMPLOYERLOGINNAME, e.EMPLOYERREALNAME, e.EMPLOYERPASSWORD, e.EMPLOYERDEPT, 
e.EMPLOYERDESCRIPTION FROM EMPLOYER e 
 {executed in 2 msec}
2016-03-03 14:57:39,272 INFO                    
INSERT INTO EMPLOYER_ROLE(EMPLOYERID, ROLEID) VALUES ( 2, 3 ) 
 {executed in 4 msec}
2016-03-03 15:17:46,117 INFO                    
INSERT INTO ROLE(ROLENAME, ROLEDESCRIPTION) VALUES ( '一般人员', NULL ) 
 {executed in 10 msec}
2016-03-03 15:18:25,888 INFO                    
INSERT INTO EMPLOYER_ROLE(EMPLOYERID, ROLEID) VALUES ( 1, 3 ) 
 {executed in 8 msec}
2016-03-03 15:19:25,318 ERROR                   
1. PreparedStatement.execute() FAILED! SELECT e.EMPLOYERID, e.EMPLOYERLOGINNAME, e.EMPLOYERREALNAME, e.EMPLOYERPASSWORD, e.EMPLOYERDEPT, 
e.EMPLOYERDESCRIPTION, r.ROLEID, r.ROLENAME, r.ROLEDESCRIPTION FROM ROLE r LEFT JOIN EMPLOYER_ROLE 
er ON e.ROLEID = er.ROLEID LEFT JOIN EMPLOYER e ON er.EMPLOYERID = e.EMPLOYERID WHERE 1 = 1 
AND r.ROLEID = 1 
 {FAILED after 18 msec}
com.mysql.jdbc.exceptions.jdbc4.MySQLSyntaxErrorException: Unknown column 'e.ROLEID' in 'on clause'
	at sun.reflect.NativeConstructorAccessorImpl.newInstance0(Native Method)
	at sun.reflect.NativeConstructorAccessorImpl.newInstance(Unknown Source)
	at sun.reflect.DelegatingConstructorAccessorImpl.newInstance(Unknown Source)
	at java.lang.reflect.Constructor.newInstance(Unknown Source)
	at com.mysql.jdbc.Util.handleNewInstance(Util.java:404)
	at com.mysql.jdbc.Util.getInstance(Util.java:387)
	at com.mysql.jdbc.SQLError.createSQLException(SQLError.java:939)
	at com.mysql.jdbc.MysqlIO.checkErrorPacket(MysqlIO.java:3878)
	at com.mysql.jdbc.MysqlIO.checkErrorPacket(MysqlIO.java:3814)
	at com.mysql.jdbc.MysqlIO.sendCommand(MysqlIO.java:2478)
	at com.mysql.jdbc.MysqlIO.sqlQueryDirect(MysqlIO.java:2625)
	at com.mysql.jdbc.ConnectionImpl.execSQL(ConnectionImpl.java:2551)
	at com.mysql.jdbc.PreparedStatement.executeInternal(PreparedStatement.java:1861)
	at com.mysql.jdbc.PreparedStatement.execute(PreparedStatement.java:1192)
	at org.apache.commons.dbcp.DelegatingPreparedStatement.execute(DelegatingPreparedStatement.java:172)
	at org.apache.commons.dbcp.DelegatingPreparedStatement.execute(DelegatingPreparedStatement.java:172)
	at net.sf.log4jdbc.PreparedStatementSpy.execute(PreparedStatementSpy.java:417)
	at org.apache.ibatis.executor.statement.PreparedStatementHandler.query(PreparedStatementHandler.java:62)
	at org.apache.ibatis.executor.statement.RoutingStatementHandler.query(RoutingStatementHandler.java:78)
	at org.apache.ibatis.executor.SimpleExecutor.doQuery(SimpleExecutor.java:62)
	at org.apache.ibatis.executor.BaseExecutor.queryFromDatabase(BaseExecutor.java:303)
	at org.apache.ibatis.executor.BaseExecutor.query(BaseExecutor.java:154)
	at org.apache.ibatis.executor.CachingExecutor.query(CachingExecutor.java:102)
	at org.apache.ibatis.executor.CachingExecutor.query(CachingExecutor.java:82)
	at org.apache.ibatis.session.defaults.DefaultSqlSession.selectList(DefaultSqlSession.java:120)
	at org.apache.ibatis.session.defaults.DefaultSqlSession.selectList(DefaultSqlSession.java:113)
	at org.apache.ibatis.session.defaults.DefaultSqlSession.selectOne(DefaultSqlSession.java:73)
	at sun.reflect.NativeMethodAccessorImpl.invoke0(Native Method)
	at sun.reflect.NativeMethodAccessorImpl.invoke(Unknown Source)
	at sun.reflect.DelegatingMethodAccessorImpl.invoke(Unknown Source)
	at java.lang.reflect.Method.invoke(Unknown Source)
	at org.mybatis.spring.SqlSessionTemplate$SqlSessionInterceptor.invoke(SqlSessionTemplate.java:408)
	at com.sun.proxy.$Proxy19.selectOne(Unknown Source)
	at org.mybatis.spring.SqlSessionTemplate.selectOne(SqlSessionTemplate.java:166)
	at org.apache.ibatis.binding.MapperMethod.execute(MapperMethod.java:69)
	at org.apache.ibatis.binding.MapperProxy.invoke(MapperProxy.java:53)
	at com.sun.proxy.$Proxy36.findRoleById(Unknown Source)
	at com.panfeng.test.RoleTest.findEmployerWithRole(RoleTest.java:41)
	at sun.reflect.NativeMethodAccessorImpl.invoke0(Native Method)
	at sun.reflect.NativeMethodAccessorImpl.invoke(Unknown Source)
	at sun.reflect.DelegatingMethodAccessorImpl.invoke(Unknown Source)
	at java.lang.reflect.Method.invoke(Unknown Source)
	at org.junit.runners.model.FrameworkMethod$1.runReflectiveCall(FrameworkMethod.java:50)
	at org.junit.internal.runners.model.ReflectiveCallable.run(ReflectiveCallable.java:12)
	at org.junit.runners.model.FrameworkMethod.invokeExplosively(FrameworkMethod.java:47)
	at org.junit.internal.runners.statements.InvokeMethod.evaluate(InvokeMethod.java:17)
	at org.springframework.test.context.junit4.statements.RunBeforeTestMethodCallbacks.evaluate(RunBeforeTestMethodCallbacks.java:75)
	at org.springframework.test.context.junit4.statements.RunAfterTestMethodCallbacks.evaluate(RunAfterTestMethodCallbacks.java:86)
	at org.springframework.test.context.junit4.statements.SpringRepeat.evaluate(SpringRepeat.java:84)
	at org.junit.runners.ParentRunner.runLeaf(ParentRunner.java:325)
	at org.springframework.test.context.junit4.SpringJUnit4ClassRunner.runChild(SpringJUnit4ClassRunner.java:254)
	at org.springframework.test.context.junit4.SpringJUnit4ClassRunner.runChild(SpringJUnit4ClassRunner.java:89)
	at org.junit.runners.ParentRunner$3.run(ParentRunner.java:290)
	at org.junit.runners.ParentRunner$1.schedule(ParentRunner.java:71)
	at org.junit.runners.ParentRunner.runChildren(ParentRunner.java:288)
	at org.junit.runners.ParentRunner.access$000(ParentRunner.java:58)
	at org.junit.runners.ParentRunner$2.evaluate(ParentRunner.java:268)
	at org.springframework.test.context.junit4.statements.RunBeforeTestClassCallbacks.evaluate(RunBeforeTestClassCallbacks.java:61)
	at org.springframework.test.context.junit4.statements.RunAfterTestClassCallbacks.evaluate(RunAfterTestClassCallbacks.java:70)
	at org.junit.runners.ParentRunner.run(ParentRunner.java:363)
	at org.springframework.test.context.junit4.SpringJUnit4ClassRunner.run(SpringJUnit4ClassRunner.java:193)
	at org.eclipse.jdt.internal.junit4.runner.JUnit4TestReference.run(JUnit4TestReference.java:50)
	at org.eclipse.jdt.internal.junit.runner.TestExecution.run(TestExecution.java:38)
	at org.eclipse.jdt.internal.junit.runner.RemoteTestRunner.runTests(RemoteTestRunner.java:459)
	at org.eclipse.jdt.internal.junit.runner.RemoteTestRunner.runTests(RemoteTestRunner.java:675)
	at org.eclipse.jdt.internal.junit.runner.RemoteTestRunner.run(RemoteTestRunner.java:382)
	at org.eclipse.jdt.internal.junit.runner.RemoteTestRunner.main(RemoteTestRunner.java:192)
2016-03-03 15:20:30,306 INFO                    
SELECT e.EMPLOYERID, e.EMPLOYERLOGINNAME, e.EMPLOYERREALNAME, e.EMPLOYERPASSWORD, e.EMPLOYERDEPT, 
e.EMPLOYERDESCRIPTION, r.ROLEID, r.ROLENAME, r.ROLEDESCRIPTION FROM ROLE r LEFT JOIN EMPLOYER_ROLE 
er ON r.ROLEID = er.ROLEID LEFT JOIN EMPLOYER e ON er.EMPLOYERID = e.EMPLOYERID WHERE 1 = 1 
AND r.ROLEID = 1 
 {executed in 2 msec}
2016-03-03 15:21:36,335 INFO                    
SELECT e.EMPLOYERID, e.EMPLOYERLOGINNAME, e.EMPLOYERREALNAME, e.EMPLOYERPASSWORD, e.EMPLOYERDEPT, 
e.EMPLOYERDESCRIPTION, r.ROLEID, r.ROLENAME, r.ROLEDESCRIPTION FROM ROLE r LEFT JOIN EMPLOYER_ROLE 
er ON r.ROLEID = er.ROLEID LEFT JOIN EMPLOYER e ON er.EMPLOYERID = e.EMPLOYERID WHERE 1 = 1 
AND r.ROLEID = 1 
 {executed in 1 msec}
2016-03-03 15:22:29,176 INFO                    
SELECT e.EMPLOYERID, e.EMPLOYERLOGINNAME, e.EMPLOYERREALNAME, e.EMPLOYERPASSWORD, e.EMPLOYERDEPT, 
e.EMPLOYERDESCRIPTION, r.ROLEID, r.ROLENAME, r.ROLEDESCRIPTION FROM ROLE r LEFT JOIN EMPLOYER_ROLE 
er ON r.ROLEID = er.ROLEID LEFT JOIN EMPLOYER e ON er.EMPLOYERID = e.EMPLOYERID WHERE 1 = 1 
AND r.ROLEID = 1 
 {executed in 1 msec}
2016-03-03 15:23:00,277 INFO                    
INSERT INTO EMPLOYER_ROLE(EMPLOYERID, ROLEID) VALUES ( 2, 1 ) 
 {executed in 8 msec}
2016-03-03 15:23:11,238 INFO                    
SELECT e.EMPLOYERID, e.EMPLOYERLOGINNAME, e.EMPLOYERREALNAME, e.EMPLOYERPASSWORD, e.EMPLOYERDEPT, 
e.EMPLOYERDESCRIPTION, r.ROLEID, r.ROLENAME, r.ROLEDESCRIPTION FROM ROLE r LEFT JOIN EMPLOYER_ROLE 
er ON r.ROLEID = er.ROLEID LEFT JOIN EMPLOYER e ON er.EMPLOYERID = e.EMPLOYERID WHERE 1 = 1 
AND r.ROLEID = 1 
 {executed in 1 msec}
2016-03-03 15:23:44,385 INFO                    
SELECT r.ROLEID, r.ROLENAME, r.ROLEDESCRIPTION FROM ROLE r 
 {executed in 2 msec}
