2016-03-14 12:01:26,805 ERROR                   
1. PreparedStatement.execute() FAILED! INSERT INTO EMPLOYEE(employeeLoginName, employeeRealName, employeePassword, employeeDescription) 
VALUES ( 'Jack', 'Jackyang', '12345678', 'The First Infomartion' ) 
 {FAILED after 15 msec}
com.mysql.jdbc.exceptions.jdbc4.MySQLSyntaxErrorException: Table 'pat.employee' doesn't exist
	at sun.reflect.NativeConstructorAccessorImpl.newInstance0(Native Method)
	at sun.reflect.NativeConstructorAccessorImpl.newInstance(Unknown Source)
	at sun.reflect.DelegatingConstructorAccessorImpl.newInstance(Unknown Source)
	at java.lang.reflect.Constructor.newInstance(Unknown Source)
	at com.mysql.jdbc.Util.handleNewInstance(Util.java:404)
	at com.mysql.jdbc.Util.getInstance(Util.java:387)
	at com.mysql.jdbc.SQLError.createSQLException(SQLError.java:939)
	at com.mysql.jdbc.MysqlIO.checkErrorPacket(MysqlIO.java:3878)
	at com.mysql.jdbc.MysqlIO.checkErrorPacket(MysqlIO.java:3814)
	at com.mysql.jdbc.MysqlIO.sendCommand(MysqlIO.java:2478)
	at com.mysql.jdbc.MysqlIO.sqlQueryDirect(MysqlIO.java:2625)
	at com.mysql.jdbc.ConnectionImpl.execSQL(ConnectionImpl.java:2551)
	at com.mysql.jdbc.PreparedStatement.executeInternal(PreparedStatement.java:1861)
	at com.mysql.jdbc.PreparedStatement.execute(PreparedStatement.java:1192)
	at org.apache.commons.dbcp.DelegatingPreparedStatement.execute(DelegatingPreparedStatement.java:172)
	at org.apache.commons.dbcp.DelegatingPreparedStatement.execute(DelegatingPreparedStatement.java:172)
	at net.sf.log4jdbc.PreparedStatementSpy.execute(PreparedStatementSpy.java:417)
	at org.apache.ibatis.executor.statement.PreparedStatementHandler.update(PreparedStatementHandler.java:45)
	at org.apache.ibatis.executor.statement.RoutingStatementHandler.update(RoutingStatementHandler.java:73)
	at org.apache.ibatis.executor.SimpleExecutor.doUpdate(SimpleExecutor.java:49)
	at org.apache.ibatis.executor.BaseExecutor.update(BaseExecutor.java:115)
	at org.apache.ibatis.executor.CachingExecutor.update(CachingExecutor.java:75)
	at org.apache.ibatis.session.defaults.DefaultSqlSession.update(DefaultSqlSession.java:170)
	at org.apache.ibatis.session.defaults.DefaultSqlSession.insert(DefaultSqlSession.java:157)
	at sun.reflect.NativeMethodAccessorImpl.invoke0(Native Method)
	at sun.reflect.NativeMethodAccessorImpl.invoke(Unknown Source)
	at sun.reflect.DelegatingMethodAccessorImpl.invoke(Unknown Source)
	at java.lang.reflect.Method.invoke(Unknown Source)
	at org.mybatis.spring.SqlSessionTemplate$SqlSessionInterceptor.invoke(SqlSessionTemplate.java:408)
	at com.sun.proxy.$Proxy20.insert(Unknown Source)
	at org.mybatis.spring.SqlSessionTemplate.insert(SqlSessionTemplate.java:254)
	at org.apache.ibatis.binding.MapperMethod.execute(MapperMethod.java:52)
	at org.apache.ibatis.binding.MapperProxy.invoke(MapperProxy.java:53)
	at com.sun.proxy.$Proxy21.save(Unknown Source)
	at com.panfeng.test.EmployeeTest.save(EmployeeTest.java:26)
	at sun.reflect.NativeMethodAccessorImpl.invoke0(Native Method)
	at sun.reflect.NativeMethodAccessorImpl.invoke(Unknown Source)
	at sun.reflect.DelegatingMethodAccessorImpl.invoke(Unknown Source)
	at java.lang.reflect.Method.invoke(Unknown Source)
	at org.junit.runners.model.FrameworkMethod$1.runReflectiveCall(FrameworkMethod.java:50)
	at org.junit.internal.runners.model.ReflectiveCallable.run(ReflectiveCallable.java:12)
	at org.junit.runners.model.FrameworkMethod.invokeExplosively(FrameworkMethod.java:47)
	at org.junit.internal.runners.statements.InvokeMethod.evaluate(InvokeMethod.java:17)
	at org.springframework.test.context.junit4.statements.RunBeforeTestMethodCallbacks.evaluate(RunBeforeTestMethodCallbacks.java:75)
	at org.springframework.test.context.junit4.statements.RunAfterTestMethodCallbacks.evaluate(RunAfterTestMethodCallbacks.java:86)
	at org.springframework.test.context.junit4.statements.SpringRepeat.evaluate(SpringRepeat.java:84)
	at org.junit.runners.ParentRunner.runLeaf(ParentRunner.java:325)
	at org.springframework.test.context.junit4.SpringJUnit4ClassRunner.runChild(SpringJUnit4ClassRunner.java:254)
	at org.springframework.test.context.junit4.SpringJUnit4ClassRunner.runChild(SpringJUnit4ClassRunner.java:89)
	at org.junit.runners.ParentRunner$3.run(ParentRunner.java:290)
	at org.junit.runners.ParentRunner$1.schedule(ParentRunner.java:71)
	at org.junit.runners.ParentRunner.runChildren(ParentRunner.java:288)
	at org.junit.runners.ParentRunner.access$000(ParentRunner.java:58)
	at org.junit.runners.ParentRunner$2.evaluate(ParentRunner.java:268)
	at org.springframework.test.context.junit4.statements.RunBeforeTestClassCallbacks.evaluate(RunBeforeTestClassCallbacks.java:61)
	at org.springframework.test.context.junit4.statements.RunAfterTestClassCallbacks.evaluate(RunAfterTestClassCallbacks.java:70)
	at org.junit.runners.ParentRunner.run(ParentRunner.java:363)
	at org.springframework.test.context.junit4.SpringJUnit4ClassRunner.run(SpringJUnit4ClassRunner.java:193)
	at org.eclipse.jdt.internal.junit4.runner.JUnit4TestReference.run(JUnit4TestReference.java:50)
	at org.eclipse.jdt.internal.junit.runner.TestExecution.run(TestExecution.java:38)
	at org.eclipse.jdt.internal.junit.runner.RemoteTestRunner.runTests(RemoteTestRunner.java:459)
	at org.eclipse.jdt.internal.junit.runner.RemoteTestRunner.runTests(RemoteTestRunner.java:675)
	at org.eclipse.jdt.internal.junit.runner.RemoteTestRunner.run(RemoteTestRunner.java:382)
	at org.eclipse.jdt.internal.junit.runner.RemoteTestRunner.main(RemoteTestRunner.java:192)
2016-03-14 12:03:05,135 INFO                    
INSERT INTO EMPLOYEE(employeeLoginName, employeeRealName, employeePassword, employeeDescription) 
VALUES ( 'Jack', 'Jackyang', '12345678', 'The First Infomartion' ) 
 {executed in 8 msec}
2016-03-14 12:03:05,204 ERROR                   
2. PreparedStatement.execute() FAILED! INSERT INTO EMPLOYEE_ROLE(employeeId, ROLEID) VALUES ( 2, 3 ) 
 {FAILED after 15 msec}
com.mysql.jdbc.exceptions.jdbc4.MySQLIntegrityConstraintViolationException: Cannot add or update a child row: a foreign key constraint fails (`pat`.`employee_role`, CONSTRAINT `FK_employer_role_r` FOREIGN KEY (`roleId`) REFERENCES `role` (`roleId`))
	at sun.reflect.NativeConstructorAccessorImpl.newInstance0(Native Method)
	at sun.reflect.NativeConstructorAccessorImpl.newInstance(Unknown Source)
	at sun.reflect.DelegatingConstructorAccessorImpl.newInstance(Unknown Source)
	at java.lang.reflect.Constructor.newInstance(Unknown Source)
	at com.mysql.jdbc.Util.handleNewInstance(Util.java:404)
	at com.mysql.jdbc.Util.getInstance(Util.java:387)
	at com.mysql.jdbc.SQLError.createSQLException(SQLError.java:932)
	at com.mysql.jdbc.MysqlIO.checkErrorPacket(MysqlIO.java:3878)
	at com.mysql.jdbc.MysqlIO.checkErrorPacket(MysqlIO.java:3814)
	at com.mysql.jdbc.MysqlIO.sendCommand(MysqlIO.java:2478)
	at com.mysql.jdbc.MysqlIO.sqlQueryDirect(MysqlIO.java:2625)
	at com.mysql.jdbc.ConnectionImpl.execSQL(ConnectionImpl.java:2551)
	at com.mysql.jdbc.PreparedStatement.executeInternal(PreparedStatement.java:1861)
	at com.mysql.jdbc.PreparedStatement.execute(PreparedStatement.java:1192)
	at org.apache.commons.dbcp.DelegatingPreparedStatement.execute(DelegatingPreparedStatement.java:172)
	at org.apache.commons.dbcp.DelegatingPreparedStatement.execute(DelegatingPreparedStatement.java:172)
	at net.sf.log4jdbc.PreparedStatementSpy.execute(PreparedStatementSpy.java:417)
	at org.apache.ibatis.executor.statement.PreparedStatementHandler.update(PreparedStatementHandler.java:45)
	at org.apache.ibatis.executor.statement.RoutingStatementHandler.update(RoutingStatementHandler.java:73)
	at org.apache.ibatis.executor.SimpleExecutor.doUpdate(SimpleExecutor.java:49)
	at org.apache.ibatis.executor.BaseExecutor.update(BaseExecutor.java:115)
	at org.apache.ibatis.executor.CachingExecutor.update(CachingExecutor.java:75)
	at org.apache.ibatis.session.defaults.DefaultSqlSession.update(DefaultSqlSession.java:170)
	at org.apache.ibatis.session.defaults.DefaultSqlSession.insert(DefaultSqlSession.java:157)
	at sun.reflect.NativeMethodAccessorImpl.invoke0(Native Method)
	at sun.reflect.NativeMethodAccessorImpl.invoke(Unknown Source)
	at sun.reflect.DelegatingMethodAccessorImpl.invoke(Unknown Source)
	at java.lang.reflect.Method.invoke(Unknown Source)
	at org.mybatis.spring.SqlSessionTemplate$SqlSessionInterceptor.invoke(SqlSessionTemplate.java:408)
	at com.sun.proxy.$Proxy20.insert(Unknown Source)
	at org.mybatis.spring.SqlSessionTemplate.insert(SqlSessionTemplate.java:254)
	at org.apache.ibatis.binding.MapperMethod.execute(MapperMethod.java:52)
	at org.apache.ibatis.binding.MapperProxy.invoke(MapperProxy.java:53)
	at com.sun.proxy.$Proxy21.saveRelativity(Unknown Source)
	at com.panfeng.test.EmployeeTest.save(EmployeeTest.java:35)
	at sun.reflect.NativeMethodAccessorImpl.invoke0(Native Method)
	at sun.reflect.NativeMethodAccessorImpl.invoke(Unknown Source)
	at sun.reflect.DelegatingMethodAccessorImpl.invoke(Unknown Source)
	at java.lang.reflect.Method.invoke(Unknown Source)
	at org.junit.runners.model.FrameworkMethod$1.runReflectiveCall(FrameworkMethod.java:50)
	at org.junit.internal.runners.model.ReflectiveCallable.run(ReflectiveCallable.java:12)
	at org.junit.runners.model.FrameworkMethod.invokeExplosively(FrameworkMethod.java:47)
	at org.junit.internal.runners.statements.InvokeMethod.evaluate(InvokeMethod.java:17)
	at org.springframework.test.context.junit4.statements.RunBeforeTestMethodCallbacks.evaluate(RunBeforeTestMethodCallbacks.java:75)
	at org.springframework.test.context.junit4.statements.RunAfterTestMethodCallbacks.evaluate(RunAfterTestMethodCallbacks.java:86)
	at org.springframework.test.context.junit4.statements.SpringRepeat.evaluate(SpringRepeat.java:84)
	at org.junit.runners.ParentRunner.runLeaf(ParentRunner.java:325)
	at org.springframework.test.context.junit4.SpringJUnit4ClassRunner.runChild(SpringJUnit4ClassRunner.java:254)
	at org.springframework.test.context.junit4.SpringJUnit4ClassRunner.runChild(SpringJUnit4ClassRunner.java:89)
	at org.junit.runners.ParentRunner$3.run(ParentRunner.java:290)
	at org.junit.runners.ParentRunner$1.schedule(ParentRunner.java:71)
	at org.junit.runners.ParentRunner.runChildren(ParentRunner.java:288)
	at org.junit.runners.ParentRunner.access$000(ParentRunner.java:58)
	at org.junit.runners.ParentRunner$2.evaluate(ParentRunner.java:268)
	at org.springframework.test.context.junit4.statements.RunBeforeTestClassCallbacks.evaluate(RunBeforeTestClassCallbacks.java:61)
	at org.springframework.test.context.junit4.statements.RunAfterTestClassCallbacks.evaluate(RunAfterTestClassCallbacks.java:70)
	at org.junit.runners.ParentRunner.run(ParentRunner.java:363)
	at org.springframework.test.context.junit4.SpringJUnit4ClassRunner.run(SpringJUnit4ClassRunner.java:193)
	at org.eclipse.jdt.internal.junit4.runner.JUnit4TestReference.run(JUnit4TestReference.java:50)
	at org.eclipse.jdt.internal.junit.runner.TestExecution.run(TestExecution.java:38)
	at org.eclipse.jdt.internal.junit.runner.RemoteTestRunner.runTests(RemoteTestRunner.java:459)
	at org.eclipse.jdt.internal.junit.runner.RemoteTestRunner.runTests(RemoteTestRunner.java:675)
	at org.eclipse.jdt.internal.junit.runner.RemoteTestRunner.run(RemoteTestRunner.java:382)
	at org.eclipse.jdt.internal.junit.runner.RemoteTestRunner.main(RemoteTestRunner.java:192)
2016-03-14 12:04:52,404 INFO                    
INSERT INTO ROLE(ROLENAME, ROLEDESCRIPTION) VALUES ( '一般人员', NULL ) 
 {executed in 8 msec}
2016-03-14 12:05:19,452 INFO                    
INSERT INTO EMPLOYEE(employeeLoginName, employeeRealName, employeePassword, employeeDescription) 
VALUES ( 'Jack', 'Jackyang', '12345678', 'The First Infomartion' ) 
 {executed in 6 msec}
2016-03-14 12:05:19,511 INFO                    
INSERT INTO EMPLOYEE_ROLE(employeeId, ROLEID) VALUES ( 3, 1 ) 
 {executed in 3 msec}
2016-03-14 12:05:53,703 INFO                    
SELECT e.employeeId, e.employeeLoginName, e.employeeRealName, e.employeePassword, e.employeeDescription, 
r.ROLEID, r.ROLENAME, r.ROLEDESCRIPTION FROM EMPLOYEE e LEFT JOIN EMPLOYEE_ROLE er ON e.employeeId 
= er.employeeId LEFT JOIN ROLE r ON er.ROLEID = r.ROLEID WHERE 1 = 1 AND e.employeeId = 3 
 {executed in 7 msec}
2016-03-14 12:06:04,582 INFO                    
SELECT e.employeeId, e.employeeLoginName, e.employeeRealName, e.employeePassword, e.employeeDescription 
FROM EMPLOYEE e 
 {executed in 1 msec}
2016-03-14 12:06:51,922 ERROR                   
1. PreparedStatement.execute() FAILED! INSERT INTO EMPLOYEE_ROLE(employeeId, ROLEID) VALUES ( 1, 1 ) 
 {FAILED after 12 msec}
com.mysql.jdbc.exceptions.jdbc4.MySQLIntegrityConstraintViolationException: Cannot add or update a child row: a foreign key constraint fails (`pat`.`employee_role`, CONSTRAINT `FK_employer_role_e` FOREIGN KEY (`employeeId`) REFERENCES `employee` (`employeeId`))
	at sun.reflect.NativeConstructorAccessorImpl.newInstance0(Native Method)
	at sun.reflect.NativeConstructorAccessorImpl.newInstance(Unknown Source)
	at sun.reflect.DelegatingConstructorAccessorImpl.newInstance(Unknown Source)
	at java.lang.reflect.Constructor.newInstance(Unknown Source)
	at com.mysql.jdbc.Util.handleNewInstance(Util.java:404)
	at com.mysql.jdbc.Util.getInstance(Util.java:387)
	at com.mysql.jdbc.SQLError.createSQLException(SQLError.java:932)
	at com.mysql.jdbc.MysqlIO.checkErrorPacket(MysqlIO.java:3878)
	at com.mysql.jdbc.MysqlIO.checkErrorPacket(MysqlIO.java:3814)
	at com.mysql.jdbc.MysqlIO.sendCommand(MysqlIO.java:2478)
	at com.mysql.jdbc.MysqlIO.sqlQueryDirect(MysqlIO.java:2625)
	at com.mysql.jdbc.ConnectionImpl.execSQL(ConnectionImpl.java:2551)
	at com.mysql.jdbc.PreparedStatement.executeInternal(PreparedStatement.java:1861)
	at com.mysql.jdbc.PreparedStatement.execute(PreparedStatement.java:1192)
	at org.apache.commons.dbcp.DelegatingPreparedStatement.execute(DelegatingPreparedStatement.java:172)
	at org.apache.commons.dbcp.DelegatingPreparedStatement.execute(DelegatingPreparedStatement.java:172)
	at net.sf.log4jdbc.PreparedStatementSpy.execute(PreparedStatementSpy.java:417)
	at org.apache.ibatis.executor.statement.PreparedStatementHandler.update(PreparedStatementHandler.java:45)
	at org.apache.ibatis.executor.statement.RoutingStatementHandler.update(RoutingStatementHandler.java:73)
	at org.apache.ibatis.executor.SimpleExecutor.doUpdate(SimpleExecutor.java:49)
	at org.apache.ibatis.executor.BaseExecutor.update(BaseExecutor.java:115)
	at org.apache.ibatis.executor.CachingExecutor.update(CachingExecutor.java:75)
	at org.apache.ibatis.session.defaults.DefaultSqlSession.update(DefaultSqlSession.java:170)
	at org.apache.ibatis.session.defaults.DefaultSqlSession.insert(DefaultSqlSession.java:157)
	at sun.reflect.NativeMethodAccessorImpl.invoke0(Native Method)
	at sun.reflect.NativeMethodAccessorImpl.invoke(Unknown Source)
	at sun.reflect.DelegatingMethodAccessorImpl.invoke(Unknown Source)
	at java.lang.reflect.Method.invoke(Unknown Source)
	at org.mybatis.spring.SqlSessionTemplate$SqlSessionInterceptor.invoke(SqlSessionTemplate.java:408)
	at com.sun.proxy.$Proxy20.insert(Unknown Source)
	at org.mybatis.spring.SqlSessionTemplate.insert(SqlSessionTemplate.java:254)
	at org.apache.ibatis.binding.MapperMethod.execute(MapperMethod.java:52)
	at org.apache.ibatis.binding.MapperProxy.invoke(MapperProxy.java:53)
	at com.sun.proxy.$Proxy21.saveRelativity(Unknown Source)
	at com.panfeng.test.EmployeeTest.saveRelation(EmployeeTest.java:48)
	at sun.reflect.NativeMethodAccessorImpl.invoke0(Native Method)
	at sun.reflect.NativeMethodAccessorImpl.invoke(Unknown Source)
	at sun.reflect.DelegatingMethodAccessorImpl.invoke(Unknown Source)
	at java.lang.reflect.Method.invoke(Unknown Source)
	at org.junit.runners.model.FrameworkMethod$1.runReflectiveCall(FrameworkMethod.java:50)
	at org.junit.internal.runners.model.ReflectiveCallable.run(ReflectiveCallable.java:12)
	at org.junit.runners.model.FrameworkMethod.invokeExplosively(FrameworkMethod.java:47)
	at org.junit.internal.runners.statements.InvokeMethod.evaluate(InvokeMethod.java:17)
	at org.springframework.test.context.junit4.statements.RunBeforeTestMethodCallbacks.evaluate(RunBeforeTestMethodCallbacks.java:75)
	at org.springframework.test.context.junit4.statements.RunAfterTestMethodCallbacks.evaluate(RunAfterTestMethodCallbacks.java:86)
	at org.springframework.test.context.junit4.statements.SpringRepeat.evaluate(SpringRepeat.java:84)
	at org.junit.runners.ParentRunner.runLeaf(ParentRunner.java:325)
	at org.springframework.test.context.junit4.SpringJUnit4ClassRunner.runChild(SpringJUnit4ClassRunner.java:254)
	at org.springframework.test.context.junit4.SpringJUnit4ClassRunner.runChild(SpringJUnit4ClassRunner.java:89)
	at org.junit.runners.ParentRunner$3.run(ParentRunner.java:290)
	at org.junit.runners.ParentRunner$1.schedule(ParentRunner.java:71)
	at org.junit.runners.ParentRunner.runChildren(ParentRunner.java:288)
	at org.junit.runners.ParentRunner.access$000(ParentRunner.java:58)
	at org.junit.runners.ParentRunner$2.evaluate(ParentRunner.java:268)
	at org.springframework.test.context.junit4.statements.RunBeforeTestClassCallbacks.evaluate(RunBeforeTestClassCallbacks.java:61)
	at org.springframework.test.context.junit4.statements.RunAfterTestClassCallbacks.evaluate(RunAfterTestClassCallbacks.java:70)
	at org.junit.runners.ParentRunner.run(ParentRunner.java:363)
	at org.springframework.test.context.junit4.SpringJUnit4ClassRunner.run(SpringJUnit4ClassRunner.java:193)
	at org.eclipse.jdt.internal.junit4.runner.JUnit4TestReference.run(JUnit4TestReference.java:50)
	at org.eclipse.jdt.internal.junit.runner.TestExecution.run(TestExecution.java:38)
	at org.eclipse.jdt.internal.junit.runner.RemoteTestRunner.runTests(RemoteTestRunner.java:459)
	at org.eclipse.jdt.internal.junit.runner.RemoteTestRunner.runTests(RemoteTestRunner.java:675)
	at org.eclipse.jdt.internal.junit.runner.RemoteTestRunner.run(RemoteTestRunner.java:382)
	at org.eclipse.jdt.internal.junit.runner.RemoteTestRunner.main(RemoteTestRunner.java:192)
2016-03-14 12:09:07,186 INFO                    
UPDATE EMPLOYEE SET employeeLoginName = 'Rose', employeeRealName = NULL, employeePassword = 
NULL, employeeDescription = NULL, updateDate = CURRENT_TIMESTAMP WHERE EMPLOYEEID = 1 
 {executed in 6 msec}
2016-03-14 12:10:08,793 INFO                    
UPDATE EMPLOYEE SET employeeLoginName = 'Rose', employeeRealName = NULL, employeePassword = 
NULL, employeeDescription = NULL, updateDate = CURRENT_TIMESTAMP WHERE EMPLOYEEID = 3 
 {executed in 8 msec}
2016-03-14 15:52:21,443 INFO                    
SELECT r.ROLEID, r.ROLENAME, r.ROLEDESCRIPTION FROM ROLE r 
 {executed in 1 msec}
2016-03-14 15:52:46,481 INFO                    
INSERT INTO ROLE(ROLENAME, ROLEDESCRIPTION) VALUES ( '供应商', NULL ) 
 {executed in 10 msec}
2016-03-14 15:53:18,101 INFO                    
INSERT INTO EMPLOYEE_ROLE(EMPLOYEEID, ROLEID) VALUES ( 3, 2 ) 
 {executed in 7 msec}
2016-03-14 15:54:06,284 INFO                    
SELECT e.EMPLOYEEID, e.EMPLOYEELOGINNAME, e.EMPLOYEEREALNAME, e.EMPLOYEEPASSWORD, e.EMPLOYEEDESCRIPTION, 
r.ROLEID, r.ROLENAME, r.ROLEDESCRIPTION FROM ROLE r LEFT JOIN EMPLOYEE_ROLE er ON r.ROLEID 
= er.ROLEID LEFT JOIN EMPLOYEE e ON er.EMPLOYEEID = e.EMPLOYEEID WHERE 1 = 1 AND r.ROLEID = 
1 
 {executed in 2 msec}
2016-03-14 15:54:44,420 INFO                    
SELECT r.ROLEID, r.ROLENAME, r.ROLEDESCRIPTION FROM ROLE r 
 {executed in 1 msec}
2016-03-14 15:56:19,248 INFO                    
UPDATE ROLE SET ROLENAME = '客户', ROLEDESCRIPTION = NULL, UPDATEDATE = CURRENT_TIMESTAMP WHERE 
ROLEID = 2 
 {executed in 7 msec}
2016-03-14 15:57:23,285 ERROR                   
1. PreparedStatement.execute() FAILED! INSERT INTO EMPLOYEE_ROLE(EMPLOYEEID, ROLEID) VALUES ( 3, 1 ) 
 {FAILED after 19 msec}
com.mysql.jdbc.exceptions.jdbc4.MySQLIntegrityConstraintViolationException: Duplicate entry '3-1' for key 'PRIMARY'
	at sun.reflect.NativeConstructorAccessorImpl.newInstance0(Native Method)
	at sun.reflect.NativeConstructorAccessorImpl.newInstance(Unknown Source)
	at sun.reflect.DelegatingConstructorAccessorImpl.newInstance(Unknown Source)
	at java.lang.reflect.Constructor.newInstance(Unknown Source)
	at com.mysql.jdbc.Util.handleNewInstance(Util.java:404)
	at com.mysql.jdbc.Util.getInstance(Util.java:387)
	at com.mysql.jdbc.SQLError.createSQLException(SQLError.java:932)
	at com.mysql.jdbc.MysqlIO.checkErrorPacket(MysqlIO.java:3878)
	at com.mysql.jdbc.MysqlIO.checkErrorPacket(MysqlIO.java:3814)
	at com.mysql.jdbc.MysqlIO.sendCommand(MysqlIO.java:2478)
	at com.mysql.jdbc.MysqlIO.sqlQueryDirect(MysqlIO.java:2625)
	at com.mysql.jdbc.ConnectionImpl.execSQL(ConnectionImpl.java:2551)
	at com.mysql.jdbc.PreparedStatement.executeInternal(PreparedStatement.java:1861)
	at com.mysql.jdbc.PreparedStatement.execute(PreparedStatement.java:1192)
	at org.apache.commons.dbcp.DelegatingPreparedStatement.execute(DelegatingPreparedStatement.java:172)
	at org.apache.commons.dbcp.DelegatingPreparedStatement.execute(DelegatingPreparedStatement.java:172)
	at net.sf.log4jdbc.PreparedStatementSpy.execute(PreparedStatementSpy.java:417)
	at org.apache.ibatis.executor.statement.PreparedStatementHandler.update(PreparedStatementHandler.java:45)
	at org.apache.ibatis.executor.statement.RoutingStatementHandler.update(RoutingStatementHandler.java:73)
	at org.apache.ibatis.executor.SimpleExecutor.doUpdate(SimpleExecutor.java:49)
	at org.apache.ibatis.executor.BaseExecutor.update(BaseExecutor.java:115)
	at org.apache.ibatis.executor.CachingExecutor.update(CachingExecutor.java:75)
	at org.apache.ibatis.session.defaults.DefaultSqlSession.update(DefaultSqlSession.java:170)
	at org.apache.ibatis.session.defaults.DefaultSqlSession.insert(DefaultSqlSession.java:157)
	at sun.reflect.NativeMethodAccessorImpl.invoke0(Native Method)
	at sun.reflect.NativeMethodAccessorImpl.invoke(Unknown Source)
	at sun.reflect.DelegatingMethodAccessorImpl.invoke(Unknown Source)
	at java.lang.reflect.Method.invoke(Unknown Source)
	at org.mybatis.spring.SqlSessionTemplate$SqlSessionInterceptor.invoke(SqlSessionTemplate.java:408)
	at com.sun.proxy.$Proxy20.insert(Unknown Source)
	at org.mybatis.spring.SqlSessionTemplate.insert(SqlSessionTemplate.java:254)
	at org.apache.ibatis.binding.MapperMethod.execute(MapperMethod.java:52)
	at org.apache.ibatis.binding.MapperProxy.invoke(MapperProxy.java:53)
	at com.sun.proxy.$Proxy33.saveRelativity(Unknown Source)
	at com.panfeng.test.RoleTest.saveRelation(RoleTest.java:44)
	at sun.reflect.NativeMethodAccessorImpl.invoke0(Native Method)
	at sun.reflect.NativeMethodAccessorImpl.invoke(Unknown Source)
	at sun.reflect.DelegatingMethodAccessorImpl.invoke(Unknown Source)
	at java.lang.reflect.Method.invoke(Unknown Source)
	at org.junit.runners.model.FrameworkMethod$1.runReflectiveCall(FrameworkMethod.java:50)
	at org.junit.internal.runners.model.ReflectiveCallable.run(ReflectiveCallable.java:12)
	at org.junit.runners.model.FrameworkMethod.invokeExplosively(FrameworkMethod.java:47)
	at org.junit.internal.runners.statements.InvokeMethod.evaluate(InvokeMethod.java:17)
	at org.springframework.test.context.junit4.statements.RunBeforeTestMethodCallbacks.evaluate(RunBeforeTestMethodCallbacks.java:75)
	at org.springframework.test.context.junit4.statements.RunAfterTestMethodCallbacks.evaluate(RunAfterTestMethodCallbacks.java:86)
	at org.springframework.test.context.junit4.statements.SpringRepeat.evaluate(SpringRepeat.java:84)
	at org.junit.runners.ParentRunner.runLeaf(ParentRunner.java:325)
	at org.springframework.test.context.junit4.SpringJUnit4ClassRunner.runChild(SpringJUnit4ClassRunner.java:254)
	at org.springframework.test.context.junit4.SpringJUnit4ClassRunner.runChild(SpringJUnit4ClassRunner.java:89)
	at org.junit.runners.ParentRunner$3.run(ParentRunner.java:290)
	at org.junit.runners.ParentRunner$1.schedule(ParentRunner.java:71)
	at org.junit.runners.ParentRunner.runChildren(ParentRunner.java:288)
	at org.junit.runners.ParentRunner.access$000(ParentRunner.java:58)
	at org.junit.runners.ParentRunner$2.evaluate(ParentRunner.java:268)
	at org.springframework.test.context.junit4.statements.RunBeforeTestClassCallbacks.evaluate(RunBeforeTestClassCallbacks.java:61)
	at org.springframework.test.context.junit4.statements.RunAfterTestClassCallbacks.evaluate(RunAfterTestClassCallbacks.java:70)
	at org.junit.runners.ParentRunner.run(ParentRunner.java:363)
	at org.springframework.test.context.junit4.SpringJUnit4ClassRunner.run(SpringJUnit4ClassRunner.java:193)
	at org.eclipse.jdt.internal.junit4.runner.JUnit4TestReference.run(JUnit4TestReference.java:50)
	at org.eclipse.jdt.internal.junit.runner.TestExecution.run(TestExecution.java:38)
	at org.eclipse.jdt.internal.junit.runner.RemoteTestRunner.runTests(RemoteTestRunner.java:459)
	at org.eclipse.jdt.internal.junit.runner.RemoteTestRunner.runTests(RemoteTestRunner.java:675)
	at org.eclipse.jdt.internal.junit.runner.RemoteTestRunner.run(RemoteTestRunner.java:382)
	at org.eclipse.jdt.internal.junit.runner.RemoteTestRunner.main(RemoteTestRunner.java:192)
2016-03-14 15:57:56,002 INFO                    
INSERT INTO EMPLOYEE_ROLE(EMPLOYEEID, ROLEID) VALUES ( 2, 2 ) 
 {executed in 7 msec}
2016-03-14 15:59:57,717 INFO                    
SELECT e.EMPLOYEEID, e.EMPLOYEELOGINNAME, e.EMPLOYEEREALNAME, e.EMPLOYEEPASSWORD, e.EMPLOYEEDESCRIPTION, 
r.ROLEID, r.ROLENAME, r.ROLEDESCRIPTION FROM ROLE r LEFT JOIN EMPLOYEE_ROLE er ON r.ROLEID 
= er.ROLEID LEFT JOIN EMPLOYEE e ON er.EMPLOYEEID = e.EMPLOYEEID WHERE 1 = 1 ORDER BY r.ROLEID 
DESC LIMIT 0 , 10 
 {executed in 3 msec}
2016-03-14 15:59:57,738 INFO                    
SELECT COUNT(1) FROM ROLE r WHERE 1 = 1 
 {executed in 0 msec}
2016-03-14 16:06:11,448 INFO                    
SELECT e.EMPLOYEEID, e.EMPLOYEELOGINNAME, e.EMPLOYEEREALNAME, e.EMPLOYEEPASSWORD, e.EMPLOYEEDESCRIPTION, 
r.ROLEID, r.ROLENAME, r.ROLEDESCRIPTION FROM ROLE r LEFT JOIN EMPLOYEE_ROLE er ON r.ROLEID 
= er.ROLEID LEFT JOIN EMPLOYEE e ON er.EMPLOYEEID = e.EMPLOYEEID WHERE 1 = 1 ORDER BY r.ROLEID 
DESC LIMIT 0 , 10 
 {executed in 2 msec}
2016-03-14 16:06:11,468 INFO                    
SELECT COUNT(1) FROM ROLE r WHERE 1 = 1 
 {executed in 0 msec}
2016-03-14 16:06:20,549 INFO                    
SELECT e.EMPLOYEEID, e.EMPLOYEELOGINNAME, e.EMPLOYEEREALNAME, e.EMPLOYEEPASSWORD, e.EMPLOYEEDESCRIPTION, 
r.ROLEID, r.ROLENAME, r.ROLEDESCRIPTION FROM ROLE r LEFT JOIN EMPLOYEE_ROLE er ON r.ROLEID 
= er.ROLEID LEFT JOIN EMPLOYEE e ON er.EMPLOYEEID = e.EMPLOYEEID WHERE 1 = 1 ORDER BY r.ROLEID 
DESC LIMIT 0 , 10 
 {executed in 2 msec}
2016-03-14 16:06:20,574 INFO                    
SELECT COUNT(1) FROM ROLE r WHERE 1 = 1 
 {executed in 1 msec}
2016-03-14 16:08:01,696 ERROR                   
1. PreparedStatement.execute() FAILED! DELETE FROM ROLE WHERE ROLEID = 2 
 {FAILED after 19 msec}
com.mysql.jdbc.exceptions.jdbc4.MySQLIntegrityConstraintViolationException: Cannot delete or update a parent row: a foreign key constraint fails (`pat`.`employee_role`, CONSTRAINT `FK_employer_role_r` FOREIGN KEY (`roleId`) REFERENCES `role` (`roleId`))
	at sun.reflect.NativeConstructorAccessorImpl.newInstance0(Native Method)
	at sun.reflect.NativeConstructorAccessorImpl.newInstance(Unknown Source)
	at sun.reflect.DelegatingConstructorAccessorImpl.newInstance(Unknown Source)
	at java.lang.reflect.Constructor.newInstance(Unknown Source)
	at com.mysql.jdbc.Util.handleNewInstance(Util.java:404)
	at com.mysql.jdbc.Util.getInstance(Util.java:387)
	at com.mysql.jdbc.SQLError.createSQLException(SQLError.java:932)
	at com.mysql.jdbc.MysqlIO.checkErrorPacket(MysqlIO.java:3878)
	at com.mysql.jdbc.MysqlIO.checkErrorPacket(MysqlIO.java:3814)
	at com.mysql.jdbc.MysqlIO.sendCommand(MysqlIO.java:2478)
	at com.mysql.jdbc.MysqlIO.sqlQueryDirect(MysqlIO.java:2625)
	at com.mysql.jdbc.ConnectionImpl.execSQL(ConnectionImpl.java:2551)
	at com.mysql.jdbc.PreparedStatement.executeInternal(PreparedStatement.java:1861)
	at com.mysql.jdbc.PreparedStatement.execute(PreparedStatement.java:1192)
	at org.apache.commons.dbcp.DelegatingPreparedStatement.execute(DelegatingPreparedStatement.java:172)
	at org.apache.commons.dbcp.DelegatingPreparedStatement.execute(DelegatingPreparedStatement.java:172)
	at net.sf.log4jdbc.PreparedStatementSpy.execute(PreparedStatementSpy.java:417)
	at org.apache.ibatis.executor.statement.PreparedStatementHandler.update(PreparedStatementHandler.java:45)
	at org.apache.ibatis.executor.statement.RoutingStatementHandler.update(RoutingStatementHandler.java:73)
	at org.apache.ibatis.executor.SimpleExecutor.doUpdate(SimpleExecutor.java:49)
	at org.apache.ibatis.executor.BaseExecutor.update(BaseExecutor.java:115)
	at org.apache.ibatis.executor.CachingExecutor.update(CachingExecutor.java:75)
	at org.apache.ibatis.session.defaults.DefaultSqlSession.update(DefaultSqlSession.java:170)
	at org.apache.ibatis.session.defaults.DefaultSqlSession.delete(DefaultSqlSession.java:185)
	at sun.reflect.NativeMethodAccessorImpl.invoke0(Native Method)
	at sun.reflect.NativeMethodAccessorImpl.invoke(Unknown Source)
	at sun.reflect.DelegatingMethodAccessorImpl.invoke(Unknown Source)
	at java.lang.reflect.Method.invoke(Unknown Source)
	at org.mybatis.spring.SqlSessionTemplate$SqlSessionInterceptor.invoke(SqlSessionTemplate.java:408)
	at com.sun.proxy.$Proxy20.delete(Unknown Source)
	at org.mybatis.spring.SqlSessionTemplate.delete(SqlSessionTemplate.java:286)
	at org.apache.ibatis.binding.MapperMethod.execute(MapperMethod.java:58)
	at org.apache.ibatis.binding.MapperProxy.invoke(MapperProxy.java:53)
	at com.sun.proxy.$Proxy33.delete(Unknown Source)
	at com.panfeng.test.RoleTest.delete(RoleTest.java:70)
	at sun.reflect.NativeMethodAccessorImpl.invoke0(Native Method)
	at sun.reflect.NativeMethodAccessorImpl.invoke(Unknown Source)
	at sun.reflect.DelegatingMethodAccessorImpl.invoke(Unknown Source)
	at java.lang.reflect.Method.invoke(Unknown Source)
	at org.junit.runners.model.FrameworkMethod$1.runReflectiveCall(FrameworkMethod.java:50)
	at org.junit.internal.runners.model.ReflectiveCallable.run(ReflectiveCallable.java:12)
	at org.junit.runners.model.FrameworkMethod.invokeExplosively(FrameworkMethod.java:47)
	at org.junit.internal.runners.statements.InvokeMethod.evaluate(InvokeMethod.java:17)
	at org.springframework.test.context.junit4.statements.RunBeforeTestMethodCallbacks.evaluate(RunBeforeTestMethodCallbacks.java:75)
	at org.springframework.test.context.junit4.statements.RunAfterTestMethodCallbacks.evaluate(RunAfterTestMethodCallbacks.java:86)
	at org.springframework.test.context.junit4.statements.SpringRepeat.evaluate(SpringRepeat.java:84)
	at org.junit.runners.ParentRunner.runLeaf(ParentRunner.java:325)
	at org.springframework.test.context.junit4.SpringJUnit4ClassRunner.runChild(SpringJUnit4ClassRunner.java:254)
	at org.springframework.test.context.junit4.SpringJUnit4ClassRunner.runChild(SpringJUnit4ClassRunner.java:89)
	at org.junit.runners.ParentRunner$3.run(ParentRunner.java:290)
	at org.junit.runners.ParentRunner$1.schedule(ParentRunner.java:71)
	at org.junit.runners.ParentRunner.runChildren(ParentRunner.java:288)
	at org.junit.runners.ParentRunner.access$000(ParentRunner.java:58)
	at org.junit.runners.ParentRunner$2.evaluate(ParentRunner.java:268)
	at org.springframework.test.context.junit4.statements.RunBeforeTestClassCallbacks.evaluate(RunBeforeTestClassCallbacks.java:61)
	at org.springframework.test.context.junit4.statements.RunAfterTestClassCallbacks.evaluate(RunAfterTestClassCallbacks.java:70)
	at org.junit.runners.ParentRunner.run(ParentRunner.java:363)
	at org.springframework.test.context.junit4.SpringJUnit4ClassRunner.run(SpringJUnit4ClassRunner.java:193)
	at org.eclipse.jdt.internal.junit4.runner.JUnit4TestReference.run(JUnit4TestReference.java:50)
	at org.eclipse.jdt.internal.junit.runner.TestExecution.run(TestExecution.java:38)
	at org.eclipse.jdt.internal.junit.runner.RemoteTestRunner.runTests(RemoteTestRunner.java:459)
	at org.eclipse.jdt.internal.junit.runner.RemoteTestRunner.runTests(RemoteTestRunner.java:675)
	at org.eclipse.jdt.internal.junit.runner.RemoteTestRunner.run(RemoteTestRunner.java:382)
	at org.eclipse.jdt.internal.junit.runner.RemoteTestRunner.main(RemoteTestRunner.java:192)
2016-03-14 16:09:03,752 ERROR                   
1. PreparedStatement.execute() FAILED! DELETE FROM ROLE WHERE ROLEID = 2 
 {FAILED after 21 msec}
com.mysql.jdbc.exceptions.jdbc4.MySQLIntegrityConstraintViolationException: Cannot delete or update a parent row: a foreign key constraint fails (`pat`.`employee_role`, CONSTRAINT `FK_employer_role_r` FOREIGN KEY (`roleId`) REFERENCES `role` (`roleId`))
	at sun.reflect.NativeConstructorAccessorImpl.newInstance0(Native Method)
	at sun.reflect.NativeConstructorAccessorImpl.newInstance(Unknown Source)
	at sun.reflect.DelegatingConstructorAccessorImpl.newInstance(Unknown Source)
	at java.lang.reflect.Constructor.newInstance(Unknown Source)
	at com.mysql.jdbc.Util.handleNewInstance(Util.java:404)
	at com.mysql.jdbc.Util.getInstance(Util.java:387)
	at com.mysql.jdbc.SQLError.createSQLException(SQLError.java:932)
	at com.mysql.jdbc.MysqlIO.checkErrorPacket(MysqlIO.java:3878)
	at com.mysql.jdbc.MysqlIO.checkErrorPacket(MysqlIO.java:3814)
	at com.mysql.jdbc.MysqlIO.sendCommand(MysqlIO.java:2478)
	at com.mysql.jdbc.MysqlIO.sqlQueryDirect(MysqlIO.java:2625)
	at com.mysql.jdbc.ConnectionImpl.execSQL(ConnectionImpl.java:2551)
	at com.mysql.jdbc.PreparedStatement.executeInternal(PreparedStatement.java:1861)
	at com.mysql.jdbc.PreparedStatement.execute(PreparedStatement.java:1192)
	at org.apache.commons.dbcp.DelegatingPreparedStatement.execute(DelegatingPreparedStatement.java:172)
	at org.apache.commons.dbcp.DelegatingPreparedStatement.execute(DelegatingPreparedStatement.java:172)
	at net.sf.log4jdbc.PreparedStatementSpy.execute(PreparedStatementSpy.java:417)
	at org.apache.ibatis.executor.statement.PreparedStatementHandler.update(PreparedStatementHandler.java:45)
	at org.apache.ibatis.executor.statement.RoutingStatementHandler.update(RoutingStatementHandler.java:73)
	at org.apache.ibatis.executor.SimpleExecutor.doUpdate(SimpleExecutor.java:49)
	at org.apache.ibatis.executor.BaseExecutor.update(BaseExecutor.java:115)
	at org.apache.ibatis.executor.CachingExecutor.update(CachingExecutor.java:75)
	at org.apache.ibatis.session.defaults.DefaultSqlSession.update(DefaultSqlSession.java:170)
	at org.apache.ibatis.session.defaults.DefaultSqlSession.delete(DefaultSqlSession.java:185)
	at sun.reflect.NativeMethodAccessorImpl.invoke0(Native Method)
	at sun.reflect.NativeMethodAccessorImpl.invoke(Unknown Source)
	at sun.reflect.DelegatingMethodAccessorImpl.invoke(Unknown Source)
	at java.lang.reflect.Method.invoke(Unknown Source)
	at org.mybatis.spring.SqlSessionTemplate$SqlSessionInterceptor.invoke(SqlSessionTemplate.java:408)
	at com.sun.proxy.$Proxy20.delete(Unknown Source)
	at org.mybatis.spring.SqlSessionTemplate.delete(SqlSessionTemplate.java:286)
	at org.apache.ibatis.binding.MapperMethod.execute(MapperMethod.java:58)
	at org.apache.ibatis.binding.MapperProxy.invoke(MapperProxy.java:53)
	at com.sun.proxy.$Proxy33.delete(Unknown Source)
	at com.panfeng.test.RoleTest.delete(RoleTest.java:70)
	at sun.reflect.NativeMethodAccessorImpl.invoke0(Native Method)
	at sun.reflect.NativeMethodAccessorImpl.invoke(Unknown Source)
	at sun.reflect.DelegatingMethodAccessorImpl.invoke(Unknown Source)
	at java.lang.reflect.Method.invoke(Unknown Source)
	at org.junit.runners.model.FrameworkMethod$1.runReflectiveCall(FrameworkMethod.java:50)
	at org.junit.internal.runners.model.ReflectiveCallable.run(ReflectiveCallable.java:12)
	at org.junit.runners.model.FrameworkMethod.invokeExplosively(FrameworkMethod.java:47)
	at org.junit.internal.runners.statements.InvokeMethod.evaluate(InvokeMethod.java:17)
	at org.springframework.test.context.junit4.statements.RunBeforeTestMethodCallbacks.evaluate(RunBeforeTestMethodCallbacks.java:75)
	at org.springframework.test.context.junit4.statements.RunAfterTestMethodCallbacks.evaluate(RunAfterTestMethodCallbacks.java:86)
	at org.springframework.test.context.junit4.statements.SpringRepeat.evaluate(SpringRepeat.java:84)
	at org.junit.runners.ParentRunner.runLeaf(ParentRunner.java:325)
	at org.springframework.test.context.junit4.SpringJUnit4ClassRunner.runChild(SpringJUnit4ClassRunner.java:254)
	at org.springframework.test.context.junit4.SpringJUnit4ClassRunner.runChild(SpringJUnit4ClassRunner.java:89)
	at org.junit.runners.ParentRunner$3.run(ParentRunner.java:290)
	at org.junit.runners.ParentRunner$1.schedule(ParentRunner.java:71)
	at org.junit.runners.ParentRunner.runChildren(ParentRunner.java:288)
	at org.junit.runners.ParentRunner.access$000(ParentRunner.java:58)
	at org.junit.runners.ParentRunner$2.evaluate(ParentRunner.java:268)
	at org.springframework.test.context.junit4.statements.RunBeforeTestClassCallbacks.evaluate(RunBeforeTestClassCallbacks.java:61)
	at org.springframework.test.context.junit4.statements.RunAfterTestClassCallbacks.evaluate(RunAfterTestClassCallbacks.java:70)
	at org.junit.runners.ParentRunner.run(ParentRunner.java:363)
	at org.springframework.test.context.junit4.SpringJUnit4ClassRunner.run(SpringJUnit4ClassRunner.java:193)
	at org.eclipse.jdt.internal.junit4.runner.JUnit4TestReference.run(JUnit4TestReference.java:50)
	at org.eclipse.jdt.internal.junit.runner.TestExecution.run(TestExecution.java:38)
	at org.eclipse.jdt.internal.junit.runner.RemoteTestRunner.runTests(RemoteTestRunner.java:459)
	at org.eclipse.jdt.internal.junit.runner.RemoteTestRunner.runTests(RemoteTestRunner.java:675)
	at org.eclipse.jdt.internal.junit.runner.RemoteTestRunner.run(RemoteTestRunner.java:382)
	at org.eclipse.jdt.internal.junit.runner.RemoteTestRunner.main(RemoteTestRunner.java:192)
2016-03-14 16:11:29,351 INFO                    
DELETE FROM EMPLOYEE_ROLE WHERE ROLEID = 2 
 {executed in 9 msec}
2016-03-14 16:11:29,361 INFO                    
DELETE FROM ROLE WHERE ROLEID = 2 
 {executed in 5 msec}
2016-03-14 16:20:38,506 INFO                    
SELECT r.ROLEID, r.ROLENAME, r.ROLEDESCRIPTION FROM ROLE r 
 {executed in 1 msec}
2016-03-14 16:30:15,399 INFO                    
SELECT r.ROLEID, r.ROLENAME, r.ROLEDESCRIPTION FROM ROLE r 
 {executed in 1 msec}
2016-03-14 18:08:19,727 INFO                    
INSERT INTO EMPLOYEE(EMPLOYEELOGINNAME, EMPLOYEEREALNAME, EMPLOYEEPASSWORD, EMPLOYEEDESCRIPTION) 
VALUES ( '用戶0', '0', '12345678', NULL ) 
 {executed in 10 msec}
2016-03-14 18:08:19,764 INFO                    
INSERT INTO EMPLOYEE(EMPLOYEELOGINNAME, EMPLOYEEREALNAME, EMPLOYEEPASSWORD, EMPLOYEEDESCRIPTION) 
VALUES ( '用戶1', '1', '12345678', NULL ) 
 {executed in 5 msec}
2016-03-14 18:08:19,773 INFO                    
INSERT INTO EMPLOYEE(EMPLOYEELOGINNAME, EMPLOYEEREALNAME, EMPLOYEEPASSWORD, EMPLOYEEDESCRIPTION) 
VALUES ( '用戶2', '2', '12345678', NULL ) 
 {executed in 5 msec}
2016-03-14 18:08:19,780 INFO                    
INSERT INTO EMPLOYEE(EMPLOYEELOGINNAME, EMPLOYEEREALNAME, EMPLOYEEPASSWORD, EMPLOYEEDESCRIPTION) 
VALUES ( '用戶3', '3', '12345678', NULL ) 
 {executed in 4 msec}
2016-03-14 18:08:19,787 INFO                    
INSERT INTO EMPLOYEE(EMPLOYEELOGINNAME, EMPLOYEEREALNAME, EMPLOYEEPASSWORD, EMPLOYEEDESCRIPTION) 
VALUES ( '用戶4', '4', '12345678', NULL ) 
 {executed in 4 msec}
2016-03-14 18:08:19,795 INFO                    
INSERT INTO EMPLOYEE(EMPLOYEELOGINNAME, EMPLOYEEREALNAME, EMPLOYEEPASSWORD, EMPLOYEEDESCRIPTION) 
VALUES ( '用戶5', '5', '12345678', NULL ) 
 {executed in 5 msec}
2016-03-14 18:08:19,800 INFO                    
INSERT INTO EMPLOYEE(EMPLOYEELOGINNAME, EMPLOYEEREALNAME, EMPLOYEEPASSWORD, EMPLOYEEDESCRIPTION) 
VALUES ( '用戶6', '6', '12345678', NULL ) 
 {executed in 3 msec}
2016-03-14 18:08:19,807 INFO                    
INSERT INTO EMPLOYEE(EMPLOYEELOGINNAME, EMPLOYEEREALNAME, EMPLOYEEPASSWORD, EMPLOYEEDESCRIPTION) 
VALUES ( '用戶7', '7', '12345678', NULL ) 
 {executed in 3 msec}
2016-03-14 18:08:19,813 INFO                    
INSERT INTO EMPLOYEE(EMPLOYEELOGINNAME, EMPLOYEEREALNAME, EMPLOYEEPASSWORD, EMPLOYEEDESCRIPTION) 
VALUES ( '用戶8', '8', '12345678', NULL ) 
 {executed in 4 msec}
2016-03-14 18:08:19,819 INFO                    
INSERT INTO EMPLOYEE(EMPLOYEELOGINNAME, EMPLOYEEREALNAME, EMPLOYEEPASSWORD, EMPLOYEEDESCRIPTION) 
VALUES ( '用戶9', '9', '12345678', NULL ) 
 {executed in 4 msec}
2016-03-14 18:08:19,825 INFO                    
INSERT INTO EMPLOYEE(EMPLOYEELOGINNAME, EMPLOYEEREALNAME, EMPLOYEEPASSWORD, EMPLOYEEDESCRIPTION) 
VALUES ( '用戶10', '10', '12345678', NULL ) 
 {executed in 4 msec}
2016-03-14 18:08:19,831 INFO                    
INSERT INTO EMPLOYEE(EMPLOYEELOGINNAME, EMPLOYEEREALNAME, EMPLOYEEPASSWORD, EMPLOYEEDESCRIPTION) 
VALUES ( '用戶11', '11', '12345678', NULL ) 
 {executed in 3 msec}
2016-03-14 18:08:19,838 INFO                    
INSERT INTO EMPLOYEE(EMPLOYEELOGINNAME, EMPLOYEEREALNAME, EMPLOYEEPASSWORD, EMPLOYEEDESCRIPTION) 
VALUES ( '用戶12', '12', '12345678', NULL ) 
 {executed in 5 msec}
2016-03-14 18:08:19,847 INFO                    
INSERT INTO EMPLOYEE(EMPLOYEELOGINNAME, EMPLOYEEREALNAME, EMPLOYEEPASSWORD, EMPLOYEEDESCRIPTION) 
VALUES ( '用戶13', '13', '12345678', NULL ) 
 {executed in 7 msec}
2016-03-14 18:08:19,854 INFO                    
INSERT INTO EMPLOYEE(EMPLOYEELOGINNAME, EMPLOYEEREALNAME, EMPLOYEEPASSWORD, EMPLOYEEDESCRIPTION) 
VALUES ( '用戶14', '14', '12345678', NULL ) 
 {executed in 5 msec}
2016-03-14 18:08:19,865 INFO                    
INSERT INTO EMPLOYEE(EMPLOYEELOGINNAME, EMPLOYEEREALNAME, EMPLOYEEPASSWORD, EMPLOYEEDESCRIPTION) 
VALUES ( '用戶15', '15', '12345678', NULL ) 
 {executed in 4 msec}
2016-03-14 18:08:19,873 INFO                    
INSERT INTO EMPLOYEE(EMPLOYEELOGINNAME, EMPLOYEEREALNAME, EMPLOYEEPASSWORD, EMPLOYEEDESCRIPTION) 
VALUES ( '用戶16', '16', '12345678', NULL ) 
 {executed in 4 msec}
2016-03-14 18:08:19,880 INFO                    
INSERT INTO EMPLOYEE(EMPLOYEELOGINNAME, EMPLOYEEREALNAME, EMPLOYEEPASSWORD, EMPLOYEEDESCRIPTION) 
VALUES ( '用戶17', '17', '12345678', NULL ) 
 {executed in 5 msec}
2016-03-14 18:08:19,887 INFO                    
INSERT INTO EMPLOYEE(EMPLOYEELOGINNAME, EMPLOYEEREALNAME, EMPLOYEEPASSWORD, EMPLOYEEDESCRIPTION) 
VALUES ( '用戶18', '18', '12345678', NULL ) 
 {executed in 4 msec}
2016-03-14 18:08:19,894 INFO                    
INSERT INTO EMPLOYEE(EMPLOYEELOGINNAME, EMPLOYEEREALNAME, EMPLOYEEPASSWORD, EMPLOYEEDESCRIPTION) 
VALUES ( '用戶19', '19', '12345678', NULL ) 
 {executed in 4 msec}
2016-03-14 18:58:55,985 INFO                    
INSERT INTO ROLE(ROLENAME, ROLEDESCRIPTION) VALUES ( '供应商', NULL ) 
 {executed in 4 msec}
2016-03-14 18:59:13,490 INFO                    
INSERT INTO ROLE(ROLENAME, ROLEDESCRIPTION) VALUES ( '用户', NULL ) 
 {executed in 9 msec}
2016-03-14 20:37:05,299 ERROR                   
1. PreparedStatement.execute() FAILED!  {FAILED after 52 msec}
com.mysql.jdbc.exceptions.jdbc4.MySQLSyntaxErrorException: Query was empty
	at sun.reflect.NativeConstructorAccessorImpl.newInstance0(Native Method)
	at sun.reflect.NativeConstructorAccessorImpl.newInstance(Unknown Source)
	at sun.reflect.DelegatingConstructorAccessorImpl.newInstance(Unknown Source)
	at java.lang.reflect.Constructor.newInstance(Unknown Source)
	at com.mysql.jdbc.Util.handleNewInstance(Util.java:404)
	at com.mysql.jdbc.Util.getInstance(Util.java:387)
	at com.mysql.jdbc.SQLError.createSQLException(SQLError.java:939)
	at com.mysql.jdbc.MysqlIO.checkErrorPacket(MysqlIO.java:3878)
	at com.mysql.jdbc.MysqlIO.checkErrorPacket(MysqlIO.java:3814)
	at com.mysql.jdbc.MysqlIO.sendCommand(MysqlIO.java:2478)
	at com.mysql.jdbc.MysqlIO.sqlQueryDirect(MysqlIO.java:2625)
	at com.mysql.jdbc.ConnectionImpl.execSQL(ConnectionImpl.java:2551)
	at com.mysql.jdbc.PreparedStatement.executeInternal(PreparedStatement.java:1861)
	at com.mysql.jdbc.PreparedStatement.execute(PreparedStatement.java:1192)
	at org.apache.commons.dbcp.DelegatingPreparedStatement.execute(DelegatingPreparedStatement.java:172)
	at org.apache.commons.dbcp.DelegatingPreparedStatement.execute(DelegatingPreparedStatement.java:172)
	at net.sf.log4jdbc.PreparedStatementSpy.execute(PreparedStatementSpy.java:417)
	at org.apache.ibatis.executor.statement.PreparedStatementHandler.update(PreparedStatementHandler.java:45)
	at org.apache.ibatis.executor.statement.RoutingStatementHandler.update(RoutingStatementHandler.java:73)
	at org.apache.ibatis.executor.SimpleExecutor.doUpdate(SimpleExecutor.java:49)
	at org.apache.ibatis.executor.BaseExecutor.update(BaseExecutor.java:115)
	at org.apache.ibatis.executor.CachingExecutor.update(CachingExecutor.java:75)
	at org.apache.ibatis.session.defaults.DefaultSqlSession.update(DefaultSqlSession.java:170)
	at org.apache.ibatis.session.defaults.DefaultSqlSession.insert(DefaultSqlSession.java:157)
	at sun.reflect.NativeMethodAccessorImpl.invoke0(Native Method)
	at sun.reflect.NativeMethodAccessorImpl.invoke(Unknown Source)
	at sun.reflect.DelegatingMethodAccessorImpl.invoke(Unknown Source)
	at java.lang.reflect.Method.invoke(Unknown Source)
	at org.mybatis.spring.SqlSessionTemplate$SqlSessionInterceptor.invoke(SqlSessionTemplate.java:408)
	at com.sun.proxy.$Proxy20.insert(Unknown Source)
	at org.mybatis.spring.SqlSessionTemplate.insert(SqlSessionTemplate.java:254)
	at org.apache.ibatis.binding.MapperMethod.execute(MapperMethod.java:52)
	at org.apache.ibatis.binding.MapperProxy.invoke(MapperProxy.java:53)
	at com.sun.proxy.$Proxy21.saveRelativity(Unknown Source)
	at com.panfeng.test.EmployeeTest.saveRelation(EmployeeTest.java:52)
	at sun.reflect.NativeMethodAccessorImpl.invoke0(Native Method)
	at sun.reflect.NativeMethodAccessorImpl.invoke(Unknown Source)
	at sun.reflect.DelegatingMethodAccessorImpl.invoke(Unknown Source)
	at java.lang.reflect.Method.invoke(Unknown Source)
	at org.junit.runners.model.FrameworkMethod$1.runReflectiveCall(FrameworkMethod.java:50)
	at org.junit.internal.runners.model.ReflectiveCallable.run(ReflectiveCallable.java:12)
	at org.junit.runners.model.FrameworkMethod.invokeExplosively(FrameworkMethod.java:47)
	at org.junit.internal.runners.statements.InvokeMethod.evaluate(InvokeMethod.java:17)
	at org.springframework.test.context.junit4.statements.RunBeforeTestMethodCallbacks.evaluate(RunBeforeTestMethodCallbacks.java:75)
	at org.springframework.test.context.junit4.statements.RunAfterTestMethodCallbacks.evaluate(RunAfterTestMethodCallbacks.java:86)
	at org.springframework.test.context.junit4.statements.SpringRepeat.evaluate(SpringRepeat.java:84)
	at org.junit.runners.ParentRunner.runLeaf(ParentRunner.java:325)
	at org.springframework.test.context.junit4.SpringJUnit4ClassRunner.runChild(SpringJUnit4ClassRunner.java:254)
	at org.springframework.test.context.junit4.SpringJUnit4ClassRunner.runChild(SpringJUnit4ClassRunner.java:89)
	at org.junit.runners.ParentRunner$3.run(ParentRunner.java:290)
	at org.junit.runners.ParentRunner$1.schedule(ParentRunner.java:71)
	at org.junit.runners.ParentRunner.runChildren(ParentRunner.java:288)
	at org.junit.runners.ParentRunner.access$000(ParentRunner.java:58)
	at org.junit.runners.ParentRunner$2.evaluate(ParentRunner.java:268)
	at org.springframework.test.context.junit4.statements.RunBeforeTestClassCallbacks.evaluate(RunBeforeTestClassCallbacks.java:61)
	at org.springframework.test.context.junit4.statements.RunAfterTestClassCallbacks.evaluate(RunAfterTestClassCallbacks.java:70)
	at org.junit.runners.ParentRunner.run(ParentRunner.java:363)
	at org.springframework.test.context.junit4.SpringJUnit4ClassRunner.run(SpringJUnit4ClassRunner.java:193)
	at org.eclipse.jdt.internal.junit4.runner.JUnit4TestReference.run(JUnit4TestReference.java:50)
	at org.eclipse.jdt.internal.junit.runner.TestExecution.run(TestExecution.java:38)
	at org.eclipse.jdt.internal.junit.runner.RemoteTestRunner.runTests(RemoteTestRunner.java:459)
	at org.eclipse.jdt.internal.junit.runner.RemoteTestRunner.runTests(RemoteTestRunner.java:675)
	at org.eclipse.jdt.internal.junit.runner.RemoteTestRunner.run(RemoteTestRunner.java:382)
	at org.eclipse.jdt.internal.junit.runner.RemoteTestRunner.main(RemoteTestRunner.java:192)
2016-03-14 20:53:21,875 INFO                    
INSERT INTO EMPLOYEE_ROLE(EMPLOYEEID, ROLEID) VALUES (20,1) , (20,3) 
 {executed in 11 msec}
